<?xml version="1.0" encoding="UTF-8"?>
<!-- Generated by org.testng.reporters.JUnitXMLReporter -->
<testsuite ignored="4" hostname="DESKTOP-JPLA97H" failures="0" tests="1" name="Default test" time="53.85" errors="0" timestamp="2023-10-20T06:27:21 IST">
  <testcase classname="com.Tests.HomeDashboardTest" name="ValidateHomePageURL" time="3.691"/>
  <testcase classname="com.Tests.HomeDashboardTest" name="ValidateLogoIsDisplayed" time="0.0">
    <ignored/>
  </testcase> <!-- ValidateLogoIsDisplayed -->
  <testcase classname="com.Tests.HomeDashboardTest" name="ValidateClickedOnHideElementSymbol" time="0.0">
    <ignored/>
  </testcase> <!-- ValidateClickedOnHideElementSymbol -->
  <testcase classname="com.Tests.HomeDashboardTest" name="ValidateClickedOnLoginModule" time="0.0">
    <ignored/>
  </testcase> <!-- ValidateClickedOnLoginModule -->
  <testcase classname="com.Tests.HomeDashboardTest" name="ValidateHomePageTitle" time="0.0">
    <ignored/>
  </testcase> <!-- ValidateHomePageTitle -->
</testsuite> <!-- Default test -->
