<?xml version="1.0" encoding="UTF-8"?>
<!-- Generated by org.testng.reporters.JUnitXMLReporter -->
<testsuite ignored="9" hostname="DESKTOP-JPLA97H" failures="0" tests="1" name="Default test" time="74.571" errors="0" timestamp="2023-10-25T15:25:44 IST">
  <testcase classname="com.Tests.LoginTest" name="LoginWithValidCredential" time="12.487"/>
  <testcase classname="com.Tests.LoginTest" name="ValidateForgottenPasswordLink" time="0.0">
    <ignored/>
  </testcase> <!-- ValidateForgottenPasswordLink -->
  <testcase classname="com.Tests.LoginTest" name="LoginWithUserNameOnly" time="0.0">
    <ignored/>
  </testcase> <!-- LoginWithUserNameOnly -->
  <testcase classname="com.Tests.LoginTest" name="ValidateLoginPageTitle" time="0.0">
    <ignored/>
  </testcase> <!-- ValidateLoginPageTitle -->
  <testcase classname="com.Tests.LoginTest" name="LoginWithBlankCredentials" time="0.0">
    <ignored/>
  </testcase> <!-- LoginWithBlankCredentials -->
  <testcase classname="com.Tests.LoginTest" name="LoginWithEnterPasswordOnly" time="0.0">
    <ignored/>
  </testcase> <!-- LoginWithEnterPasswordOnly -->
  <testcase classname="com.Tests.LoginTest" name="ValidateLoginPageURL" time="0.0">
    <ignored/>
  </testcase> <!-- ValidateLoginPageURL -->
  <testcase classname="com.Tests.LoginTest" name="LoginWithInvalidCredential" time="0.0">
    <ignored/>
  </testcase> <!-- LoginWithInvalidCredential -->
  <testcase classname="com.Tests.LoginTest" name="ValidateLoginPageLogo" time="0.0">
    <ignored/>
  </testcase> <!-- ValidateLoginPageLogo -->
  <testcase classname="com.Tests.LoginTest" name="ValidateOrangeHRMIncLink" time="0.0">
    <ignored/>
  </testcase> <!-- ValidateOrangeHRMIncLink -->
</testsuite> <!-- Default test -->
