<?xml version="1.0" encoding="UTF-8"?>
<testng-results ignored="9" total="10" passed="1" failed="0" skipped="0">
  <reporter-output>
  </reporter-output>
  <suite started-at="2023-10-25T15:24:29 IST" name="Default suite" finished-at="2023-10-25T15:25:44 IST" duration-ms="74571">
    <groups>
    </groups>
    <test started-at="2023-10-25T15:24:29 IST" name="Default test" finished-at="2023-10-25T15:25:44 IST" duration-ms="74571">
      <class name="com.Tests.LoginTest">
        <test-method is-config="true" signature="SetUp(java.lang.reflect.Method)[pri:0, instance:com.Tests.LoginTest@5d0bf09b]" started-at="2023-10-25T15:24:29 IST" name="SetUp" finished-at="2023-10-25T15:25:22 IST" duration-ms="52877" status="PASS">
          <params>
            <param index="0">
              <value>
                <![CDATA[public void com.Tests.LoginTest.LoginWithValidCredential() throws java.lang.InterruptedException]]>
              </value>
            </param>
          </params>
          <reporter-output>
          </reporter-output>
        </test-method> <!-- SetUp -->
        <test-method signature="LoginWithValidCredential()[pri:3, instance:com.Tests.LoginTest@5d0bf09b]" started-at="2023-10-25T15:25:22 IST" name="LoginWithValidCredential" finished-at="2023-10-25T15:25:34 IST" duration-ms="12487" status="PASS">
          <reporter-output>
          </reporter-output>
        </test-method> <!-- LoginWithValidCredential -->
        <test-method is-config="true" signature="TearDown()[pri:0, instance:com.Tests.LoginTest@5d0bf09b]" started-at="2023-10-25T15:25:35 IST" name="TearDown" finished-at="2023-10-25T15:25:44 IST" duration-ms="8960" status="PASS">
          <reporter-output>
          </reporter-output>
        </test-method> <!-- TearDown -->
      </class> <!-- com.Tests.LoginTest -->
    </test> <!-- Default test -->
  </suite> <!-- Default suite -->
</testng-results>
