<?xml version="1.0" encoding="UTF-8"?>
<testng-results ignored="4" total="5" passed="1" failed="0" skipped="0">
  <reporter-output>
  </reporter-output>
  <suite started-at="2023-10-20T06:26:26 IST" name="Default suite" finished-at="2023-10-20T06:27:20 IST" duration-ms="53850">
    <groups>
    </groups>
    <test started-at="2023-10-20T06:26:26 IST" name="Default test" finished-at="2023-10-20T06:27:20 IST" duration-ms="53850">
      <class name="com.Tests.HomeDashboardTest">
        <test-method is-config="true" signature="SetUp()[pri:0, instance:com.Tests.HomeDashboardTest@449a4f23]" started-at="2023-10-20T06:26:27 IST" name="SetUp" finished-at="2023-10-20T06:27:17 IST" duration-ms="50079" status="PASS">
          <reporter-output>
          </reporter-output>
        </test-method> <!-- SetUp -->
        <test-method signature="ValidateHomePageURL()[pri:0, instance:com.Tests.HomeDashboardTest@449a4f23]" started-at="2023-10-20T06:27:17 IST" name="ValidateHomePageURL" finished-at="2023-10-20T06:27:20 IST" duration-ms="3691" status="PASS">
          <reporter-output>
          </reporter-output>
        </test-method> <!-- ValidateHomePageURL -->
      </class> <!-- com.Tests.HomeDashboardTest -->
    </test> <!-- Default test -->
  </suite> <!-- Default suite -->
</testng-results>
